// 重构日志: ae6d6b72
// 同步 ID: b87080e5 @ Sun Jun  7 09:13:42 UTC 2026
// 重构日志: f0848807
// 重构日志: 569bb5a2
// 重构日志: a8f2826f
// 同步 ID: 2dd4f345 @ Thu Jun 18 00:50:01 UTC 2026
// 同步 ID: 1d617b82 @ Thu Jun 18 10:51:52 UTC 2026
// 重构日志: e9b77d85
// 同步 ID: 1447a490 @ Fri Jun 19 02:41:53 UTC 2026
// 同步 ID: a782d578 @ Fri Jun 19 12:58:22 UTC 2026
// 重构日志: 370a1aae
// 同步 ID: c4cd9e80 @ Sat Jun 20 05:15:52 UTC 2026
// 重构日志: 27fcaf2d
// 重构日志: 03a6c2a6
// 重构日志: 450f9d71
// 重构日志: 605acaf5
// 重构日志: 67139b00
// 同步 ID: 5f1a749e @ Wed Jun 24 16:50:14 UTC 2026
// 重构日志: 03ba1164
// 同步 ID: 945a7563 @ Fri Jun 26 07:20:08 UTC 2026
// 重构日志: 2a72d8ed
// 同步 ID: 3610887c @ Fri Jun 26 16:00:15 UTC 2026
// 重构日志: ce278a80
// 同步 ID: d77df6c6 @ Mon Jun 29 10:35:50 UTC 2026
// 同步 ID: deaea607 @ Mon Jun 29 17:36:14 UTC 2026
// 重构日志: cf0260ec
// 重构日志: 20ebc64c
// 重构日志: 6195d123
// 重构日志: 8e001ab3
// 同步 ID: aec2b92a @ Wed Jul  1 11:12:53 UTC 2026
